This is XeTeX, Version 3.14159265-2.6-0.99992 (TeX Live 2015/Debian) (preloaded format=xelatex 2017.11.4)  20 JAN 2018 22:37
entering extended mode
 restricted \write18 enabled.
 %&-line parsing enabled.
**thesis-template-chapter2.tex
(./thesis-template-chapter2.tex
LaTeX2e <2016/02/01>
Babel <3.9q> and hyphenation patterns for 81 language(s) loaded.
! Undefined control sequence.
l.1 \chapter
            {–†–∞–∑—Ä–∞–±–æ—Ç–∫–∞ –º–æ–¥–µ–ª–∏ –∏ –∞—Ä—Ö–∏—Ç–µ–∫—Ç—É—Ä—ã –ø—...
The control sequence at the end of the top line
of your error message was never \def'ed. If you have
misspelled it (e.g., `\hobx'), type `I' and the correct
spelling (e.g., `I\hbox'). Otherwise just continue,
and I'll forget about whatever was undefined.


! LaTeX Error: Missing \begin{document}.

See the LaTeX manual or LaTeX Companion for explanation.
Type  H <return>  for immediate help.
 ...                                              
                                                  
l.1 \chapter{–†
               –∞–∑—Ä–∞–±–æ—Ç–∫–∞ –º–æ–¥–µ–ª–∏ –∏ –∞—Ä—Ö–∏—Ç–µ–∫—Ç—É—Ä—ã –ø—...

You're in trouble here.  Try typing  <return>  to proceed.
If that doesn't work, type  X <return>  to quit.

Missing character: There is no –† in font nullfont!
Missing character: There is no –∞ in font nullfont!
Missing character: There is no –∑ in font nullfont!
Missing character: There is no —Ä in font nullfont!
Missing character: There is no –∞ in font nullfont!
Missing character: There is no –± in font nullfont!
Missing character: There is no –æ in font nullfont!
Missing character: There is no —Ç in font nullfont!
Missing character: There is no –∫ in font nullfont!
Missing character: There is no –∞ in font nullfont!
Missing character: There is no –º in font nullfont!
Missing character: There is no –æ in font nullfont!
Missing character: There is no –¥ in font nullfont!
Missing character: There is no –µ in font nullfont!
Missing character: There is no –ª in font nullfont!
Missing character: There is no –∏ in font nullfont!
Missing character: There is no –∏ in font nullfont!
Missing character: There is no –∞ in font nullfont!
Missing character: There is no —Ä in font nullfont!
Missing character: There is no —Ö in font nullfont!
Missing character: There is no –∏ in font nullfont!
Missing character: There is no —Ç in font nullfont!
Missing character: There is no –µ in font nullfont!
Missing character: There is no –∫ in font nullfont!
Missing character: There is no —Ç in font nullfont!
Missing character: There is no —É in font nullfont!
Missing character: There is no —Ä in font nullfont!
Missing character: There is no —ã in font nullfont!
Missing character: There is no –ø in font nullfont!
Missing character: There is no —Ä in font nullfont!
Missing character: There is no –æ in font nullfont!
Missing character: There is no —Ç in font nullfont!
Missing character: There is no –æ in font nullfont!
Missing character: There is no —Ç in font nullfont!
Missing character: There is no –∏ in font nullfont!
Missing character: There is no –ø in font nullfont!
Missing character: There is no –∞ in font nullfont!
Missing character: There is no –≥ in font nullfont!
Missing character: There is no –µ in font nullfont!
Missing character: There is no –Ω in font nullfont!
Missing character: There is no –µ in font nullfont!
Missing character: There is no —Ä in font nullfont!
Missing character: There is no –∞ in font nullfont!
Missing character: There is no —Ü in font nullfont!
Missing character: There is no –∏ in font nullfont!
Missing character: There is no –∏ in font nullfont!
Missing character: There is no –¥ in font nullfont!
Missing character: There is no –æ in font nullfont!
Missing character: There is no –∫ in font nullfont!
Missing character: There is no —É in font nullfont!
Missing character: There is no –º in font nullfont!
Missing character: There is no –µ in font nullfont!
Missing character: There is no –Ω in font nullfont!
Missing character: There is no —Ç in font nullfont!
Missing character: There is no –æ in font nullfont!
Missing character: There is no –≤ in font nullfont!
Missing character: There is no –Ω in font nullfont!
Missing character: There is no –∞ in font nullfont!
Missing character: There is no –æ in font nullfont!
Missing character: There is no —Å in font nullfont!
Missing character: There is no –Ω in font nullfont!
Missing character: There is no –æ in font nullfont!
Missing character: There is no –≤ in font nullfont!
Missing character: There is no –µ in font nullfont!
Missing character: There is no —à in font nullfont!
Missing character: There is no –∞ in font nullfont!
Missing character: There is no –± in font nullfont!
Missing character: There is no –ª in font nullfont!
Missing character: There is no –æ in font nullfont!
Missing character: There is no –Ω in font nullfont!
Missing character: There is no –æ in font nullfont!
Missing character: There is no –≤ in font nullfont!

Overfull \hbox (20.0pt too wide) in paragraph at lines 1--3
[]
 []


! LaTeX Error: Environment annotation undefined.

See the LaTeX manual or LaTeX Companion for explanation.
Type  H <return>  for immediate help.
 ...                                              
                                                  
l.4 \begin{annotation}
                      
Your command was ignored.
Type  I <command> <return>  to replace it with another command,
or  <return>  to continue without it.


! LaTeX Error: Missing \begin{document}.

See the LaTeX manual or LaTeX Companion for explanation.
Type  H <return>  for immediate help.
 ...                                              
                                                  
l.5 –í
       –¥–∞–Ω–Ω–æ–º —Ä–∞–∑–¥–µ–ª–µ —Å—Ç–æ—Ä–∏—Ç—Å—è —Ç–µ–æ—Ä–µ—Ç–∏–∫–æ-—Ç–∏–...

You're in trouble here.  Try typing  <return>  to proceed.
If that doesn't work, type  X <return>  to quit.

Missing character: There is no –í in font nullfont!
Missing character: There is no –¥ in font nullfont!
Missing character: There is no –∞ in font nullfont!
Missing character: There is no –Ω in font nullfont!
Missing character: There is no –Ω in font nullfont!
Missing character: There is no –æ in font nullfont!
Missing character: There is no –º in font nullfont!
Missing character: There is no —Ä in font nullfont!
Missing character: There is no –∞ in font nullfont!
Missing character: There is no –∑ in font nullfont!
Missing character: There is no –¥ in font nullfont!
Missing character: There is no –µ in font nullfont!
Missing character: There is no –ª in font nullfont!
Missing character: There is no –µ in font nullfont!
Missing character: There is no —Å in font nullfont!
Missing character: There is no —Ç in font nullfont!
Missing character: There is no –æ in font nullfont!
Missing character: There is no —Ä in font nullfont!
Missing character: There is no –∏ in font nullfont!
Missing character: There is no —Ç in font nullfont!
Missing character: There is no —Å in font nullfont!
Missing character: There is no —è in font nullfont!
Missing character: There is no —Ç in font nullfont!
Missing character: There is no –µ in font nullfont!
Missing character: There is no –æ in font nullfont!
Missing character: There is no —Ä in font nullfont!
Missing character: There is no –µ in font nullfont!
Missing character: There is no —Ç in font nullfont!
Missing character: There is no –∏ in font nullfont!
Missing character: There is no –∫ in font nullfont!
Missing character: There is no –æ in font nullfont!
Missing character: There is no - in font nullfont!
Missing character: There is no —Ç in font nullfont!
Missing character: There is no –∏ in font nullfont!
Missing character: There is no –ø in font nullfont!
Missing character: There is no –æ in font nullfont!
Missing character: There is no –≤ in font nullfont!
Missing character: There is no –∞ in font nullfont!
Missing character: There is no —è in font nullfont!
Missing character: There is no –º in font nullfont!
Missing character: There is no –æ in font nullfont!
Missing character: There is no –¥ in font nullfont!
Missing character: There is no –µ in font nullfont!
Missing character: There is no –ª in font nullfont!
Missing character: There is no —å in font nullfont!
Missing character: There is no —Ä in font nullfont!
Missing character: There is no –∞ in font nullfont!
Missing character: There is no –∑ in font nullfont!
Missing character: There is no —Ä in font nullfont!
Missing character: There is no –∞ in font nullfont!
Missing character: There is no –± in font nullfont!
Missing character: There is no –∞ in font nullfont!
Missing character: There is no —Ç in font nullfont!
Missing character: There is no —ã in font nullfont!
Missing character: There is no –≤ in font nullfont!
Missing character: There is no –∞ in font nullfont!
Missing character: There is no –µ in font nullfont!
Missing character: There is no –º in font nullfont!
Missing character: There is no –æ in font nullfont!
Missing character: There is no –π in font nullfont!
Missing character: There is no —Å in font nullfont!
Missing character: There is no –∏ in font nullfont!
Missing character: There is no —Å in font nullfont!
Missing character: There is no —Ç in font nullfont!
Missing character: There is no –µ in font nullfont!
Missing character: There is no –º in font nullfont!
Missing character: There is no —ã in font nullfont!
Missing character: There is no . in font nullfont!
Missing character: There is no –û in font nullfont!
Missing character: There is no –ø in font nullfont!
Missing character: There is no –∏ in font nullfont!
Missing character: There is no —Å in font nullfont!
Missing character: There is no —ã in font nullfont!
Missing character: There is no –≤ in font nullfont!
Missing character: There is no –∞ in font nullfont!
Missing character: There is no –µ in font nullfont!
Missing character: There is no —Ç in font nullfont!
Missing character: There is no —Å in font nullfont!
Missing character: There is no —è in font nullfont!
Missing character: There is no –∞ in font nullfont!
Missing character: There is no —Ä in font nullfont!
Missing character: There is no —Ö in font nullfont!
Missing character: There is no –∏ in font nullfont!
Missing character: There is no —Ç in font nullfont!
Missing character: There is no –µ in font nullfont!
Missing character: There is no –∫ in font nullfont!
Missing character: There is no —Ç in font nullfont!
Missing character: There is no —É in font nullfont!
Missing character: There is no —Ä in font nullfont!
Missing character: There is no –∞ in font nullfont!
Missing character: There is no –∫ in font nullfont!
Missing character: There is no –ª in font nullfont!
Missing character: There is no –∏ in font nullfont!
Missing character: There is no –µ in font nullfont!
Missing character: There is no –Ω in font nullfont!
Missing character: There is no —Ç in font nullfont!
Missing character: There is no —Å in font nullfont!
Missing character: There is no –∫ in font nullfont!
Missing character: There is no –æ in font nullfont!
Missing character: There is no –π in font nullfont!
Missing character: There is no –∏ in font nullfont!
Missing character: There is no —Å in font nullfont!
Missing character: There is no –µ in font nullfont!
Missing character: There is no —Ä in font nullfont!
Missing character: There is no –≤ in font nullfont!
Missing character: There is no –µ in font nullfont!
Missing character: There is no —Ä in font nullfont!
Missing character: There is no –Ω in font nullfont!
Missing character: There is no –æ in font nullfont!
Missing character: There is no –π in font nullfont!
Missing character: There is no —á in font nullfont!
Missing character: There is no –∞ in font nullfont!
Missing character: There is no —Å in font nullfont!
Missing character: There is no —Ç in font nullfont!
Missing character: There is no –∏ in font nullfont!
Missing character: There is no —Å in font nullfont!
Missing character: There is no –æ in font nullfont!
Missing character: There is no –∑ in font nullfont!
Missing character: There is no –¥ in font nullfont!
Missing character: There is no –∞ in font nullfont!
Missing character: There is no –≤ in font nullfont!
Missing character: There is no –∞ in font nullfont!
Missing character: There is no –µ in font nullfont!
Missing character: There is no –º in font nullfont!
Missing character: There is no –æ in font nullfont!
Missing character: There is no –≥ in font nullfont!
Missing character: There is no –æ in font nullfont!
Missing character: There is no –≤ in font nullfont!
Missing character: There is no –µ in font nullfont!
Missing character: There is no –± in font nullfont!
Missing character: There is no - in font nullfont!
Missing character: There is no –ø in font nullfont!
Missing character: There is no —Ä in font nullfont!
Missing character: There is no –∏ in font nullfont!
Missing character: There is no –ª in font nullfont!
Missing character: There is no –æ in font nullfont!
Missing character: There is no –∂ in font nullfont!
Missing character: There is no –µ in font nullfont!
Missing character: There is no –Ω in font nullfont!
Missing character: There is no –∏ in font nullfont!
Missing character: There is no —è in font nullfont!
Missing character: There is no . in font nullfont!
Missing character: There is no –î in font nullfont!
Missing character: There is no –ª in font nullfont!
Missing character: There is no —è in font nullfont!
Missing character: There is no —Å in font nullfont!
Missing character: There is no –µ in font nullfont!
Missing character: There is no —Ä in font nullfont!
Missing character: There is no –≤ in font nullfont!
Missing character: There is no –µ in font nullfont!
Missing character: There is no —Ä in font nullfont!
Missing character: There is no –Ω in font nullfont!
Missing character: There is no –æ in font nullfont!
Missing character: There is no –π in font nullfont!
Missing character: There is no —á in font nullfont!
Missing character: There is no –∞ in font nullfont!
Missing character: There is no —Å in font nullfont!
Missing character: There is no —Ç in font nullfont!
Missing character: There is no –∏ in font nullfont!
Missing character: There is no –æ in font nullfont!
Missing character: There is no –ø in font nullfont!
Missing character: There is no –∏ in font nullfont!
Missing character: There is no —Å in font nullfont!
Missing character: There is no —ã in font nullfont!
Missing character: There is no –≤ in font nullfont!
Missing character: There is no –∞ in font nullfont!
Missing character: There is no –µ in font nullfont!
Missing character: There is no —Ç in font nullfont!
Missing character: There is no —Å in font nullfont!
Missing character: There is no —è in font nullfont!
Missing character: There is no –∞ in font nullfont!
Missing character: There is no —Ä in font nullfont!
Missing character: There is no —Ö in font nullfont!
Missing character: There is no –∏ in font nullfont!
Missing character: There is no —Ç in font nullfont!
Missing character: There is no –µ in font nullfont!
Missing character: There is no –∫ in font nullfont!
Missing character: There is no —Ç in font nullfont!
Missing character: There is no —É in font nullfont!
Missing character: There is no —Ä in font nullfont!
Missing character: There is no –∞ in font nullfont!
Missing character: There is no M in font nullfont!
Missing character: There is no V in font nullfont!
Missing character: There is no C in font nullfont!
Missing character: There is no . in font nullfont!

! LaTeX Error: \begin{document} ended by \end{annotation}.

See the LaTeX manual or LaTeX Companion for explanation.
Type  H <return>  for immediate help.
 ...                                              
                                                  
l.6 \end{annotation}
                    
Your command was ignored.
Type  I <command> <return>  to replace it with another command,
or  <return>  to continue without it.


Overfull \hbox (20.0pt too wide) in paragraph at lines 5--7
[]
 []

! Undefined control sequence.
l.12 \section
             {2.1. –†–∞–∑—Ä–∞–±–æ—Ç–∫–∞ –º–æ–¥–µ–ª–∏ –æ–±—ä–µ–∫—Ç–æ–≤ –¥–∞–Ω...
The control sequence at the end of the top line
of your error message was never \def'ed. If you have
misspelled it (e.g., `\hobx'), type `I' and the correct
spelling (e.g., `I\hbox'). Otherwise just continue,
and I'll forget about whatever was undefined.


! LaTeX Error: Missing \begin{document}.

See the LaTeX manual or LaTeX Companion for explanation.
Type  H <return>  for immediate help.
 ...                                              
                                                  
l.12 \section{2
               .1. –†–∞–∑—Ä–∞–±–æ—Ç–∫–∞ –º–æ–¥–µ–ª–∏ –æ–±—ä–µ–∫—Ç–æ–≤ –¥–∞–Ω...

You're in trouble here.  Try typing  <return>  to proceed.
If that doesn't work, type  X <return>  to quit.

Missing character: There is no 2 in font nullfont!
Missing character: There is no . in font nullfont!
Missing character: There is no 1 in font nullfont!
Missing character: There is no . in font nullfont!
Missing character: There is no –† in font nullfont!
Missing character: There is no –∞ in font nullfont!
Missing character: There is no –∑ in font nullfont!
Missing character: There is no —Ä in font nullfont!
Missing character: There is no –∞ in font nullfont!
Missing character: There is no –± in font nullfont!
Missing character: There is no –æ in font nullfont!
Missing character: There is no —Ç in font nullfont!
Missing character: There is no –∫ in font nullfont!
Missing character: There is no –∞ in font nullfont!
Missing character: There is no –º in font nullfont!
Missing character: There is no –æ in font nullfont!
Missing character: There is no –¥ in font nullfont!
Missing character: There is no –µ in font nullfont!
Missing character: There is no –ª in font nullfont!
Missing character: There is no –∏ in font nullfont!
Missing character: There is no –æ in font nullfont!
Missing character: There is no –± in font nullfont!
Missing character: There is no —ä in font nullfont!
Missing character: There is no –µ in font nullfont!
Missing character: There is no –∫ in font nullfont!
Missing character: There is no —Ç in font nullfont!
Missing character: There is no –æ in font nullfont!
Missing character: There is no –≤ in font nullfont!
Missing character: There is no –¥ in font nullfont!
Missing character: There is no –∞ in font nullfont!
Missing character: There is no –Ω in font nullfont!
Missing character: There is no –Ω in font nullfont!
Missing character: There is no —ã in font nullfont!
Missing character: There is no —Ö in font nullfont!
Missing character: There is no –∏ in font nullfont!
Missing character: There is no –º in font nullfont!
Missing character: There is no –µ in font nullfont!
Missing character: There is no —Ç in font nullfont!
Missing character: There is no –∞ in font nullfont!
Missing character: There is no –¥ in font nullfont!
Missing character: There is no –∞ in font nullfont!
Missing character: There is no –Ω in font nullfont!
Missing character: There is no –Ω in font nullfont!
Missing character: There is no —ã in font nullfont!
Missing character: There is no —Ö in font nullfont!
Missing character: There is no –¥ in font nullfont!
Missing character: There is no –ª in font nullfont!
Missing character: There is no —è in font nullfont!
Missing character: There is no –æ in font nullfont!
Missing character: There is no –ø in font nullfont!
Missing character: There is no –∏ in font nullfont!
Missing character: There is no —Å in font nullfont!
Missing character: There is no –∞ in font nullfont!
Missing character: There is no –Ω in font nullfont!
Missing character: There is no –∏ in font nullfont!
Missing character: There is no —è in font nullfont!
Missing character: There is no —Å in font nullfont!
Missing character: There is no —Ç in font nullfont!
Missing character: There is no —Ä in font nullfont!
Missing character: There is no —É in font nullfont!
Missing character: There is no –∫ in font nullfont!
Missing character: There is no —Ç in font nullfont!
Missing character: There is no —É in font nullfont!
Missing character: There is no —Ä in font nullfont!
Missing character: There is no —ã in font nullfont!
Missing character: There is no –¥ in font nullfont!
Missing character: There is no –æ in font nullfont!
Missing character: There is no –∫ in font nullfont!
Missing character: There is no —É in font nullfont!
Missing character: There is no –º in font nullfont!
Missing character: There is no –µ in font nullfont!
Missing character: There is no –Ω in font nullfont!
Missing character: There is no —Ç in font nullfont!
Missing character: There is no –æ in font nullfont!
Missing character: There is no –≤ in font nullfont!
Missing character: There is no —Ä in font nullfont!
Missing character: There is no –∞ in font nullfont!
Missing character: There is no –∑ in font nullfont!
Missing character: There is no –ª in font nullfont!
Missing character: There is no –∏ in font nullfont!
Missing character: There is no —á in font nullfont!
Missing character: There is no –Ω in font nullfont!
Missing character: There is no —ã in font nullfont!
Missing character: There is no —Ö in font nullfont!
Missing character: There is no —Ç in font nullfont!
Missing character: There is no –∏ in font nullfont!
Missing character: There is no –ø in font nullfont!
Missing character: There is no –æ in font nullfont!
Missing character: There is no –≤ in font nullfont!
Missing character: There is no –∏ in font nullfont!
Missing character: There is no –∏ in font nullfont!
Missing character: There is no —Ö in font nullfont!
Missing character: There is no –ø in font nullfont!
Missing character: There is no –∞ in font nullfont!
Missing character: There is no —Ä in font nullfont!
Missing character: There is no –∞ in font nullfont!
Missing character: There is no –º in font nullfont!
Missing character: There is no –µ in font nullfont!
Missing character: There is no —Ç in font nullfont!
Missing character: There is no —Ä in font nullfont!
Missing character: There is no –æ in font nullfont!
Missing character: There is no –≤ in font nullfont!
Missing character: There is no . in font nullfont!

Overfull \hbox (20.0pt too wide) in paragraph at lines 12--13
[]
 []


! LaTeX Error: Environment annotation undefined.

See the LaTeX manual or LaTeX Companion for explanation.
Type  H <return>  for immediate help.
 ...                                              
                                                  
l.14 \begin{annotation}
                       
Your command was ignored.
Type  I <command> <return>  to replace it with another command,
or  <return>  to continue without it.


! LaTeX Error: Missing \begin{document}.

See the LaTeX manual or LaTeX Companion for explanation.
Type  H <return>  for immediate help.
 ...                                              
                                                  
l.15 –í
        –¥–∞–Ω–Ω–æ–º —Ä–∞–∑–¥–µ–ª–µ –æ–ø–∏—Å—ã–≤–∞–µ—Ç—Å—è —Ä–∞–∑—Ä–∞–±–æ—Ç–...

You're in trouble here.  Try typing  <return>  to proceed.
If that doesn't work, type  X <return>  to quit.

Missing character: There is no –í in font nullfont!
Missing character: There is no –¥ in font nullfont!
Missing character: There is no –∞ in font nullfont!
Missing character: There is no –Ω in font nullfont!
Missing character: There is no –Ω in font nullfont!
Missing character: There is no –æ in font nullfont!
Missing character: There is no –º in font nullfont!
Missing character: There is no —Ä in font nullfont!
Missing character: There is no –∞ in font nullfont!
Missing character: There is no –∑ in font nullfont!
Missing character: There is no –¥ in font nullfont!
Missing character: There is no –µ in font nullfont!
Missing character: There is no –ª in font nullfont!
Missing character: There is no –µ in font nullfont!
Missing character: There is no –æ in font nullfont!
Missing character: There is no –ø in font nullfont!
Missing character: There is no –∏ in font nullfont!
Missing character: There is no —Å in font nullfont!
Missing character: There is no —ã in font nullfont!
Missing character: There is no –≤ in font nullfont!
Missing character: There is no –∞ in font nullfont!
Missing character: There is no –µ in font nullfont!
Missing character: There is no —Ç in font nullfont!
Missing character: There is no —Å in font nullfont!
Missing character: There is no —è in font nullfont!
Missing character: There is no —Ä in font nullfont!
Missing character: There is no –∞ in font nullfont!
Missing character: There is no –∑ in font nullfont!
Missing character: There is no —Ä in font nullfont!
Missing character: There is no –∞ in font nullfont!
Missing character: There is no –± in font nullfont!
Missing character: There is no –æ in font nullfont!
Missing character: There is no —Ç in font nullfont!
Missing character: There is no –∫ in font nullfont!
Missing character: There is no –∞ in font nullfont!
Missing character: There is no –º in font nullfont!
Missing character: There is no –æ in font nullfont!
Missing character: There is no –¥ in font nullfont!
Missing character: There is no –µ in font nullfont!
Missing character: There is no –ª in font nullfont!
Missing character: There is no –∏ in font nullfont!
Missing character: There is no –æ in font nullfont!
Missing character: There is no –± in font nullfont!
Missing character: There is no —ä in font nullfont!
Missing character: There is no –µ in font nullfont!
Missing character: There is no –∫ in font nullfont!
Missing character: There is no —Ç in font nullfont!
Missing character: There is no –æ in font nullfont!
Missing character: There is no –≤ in font nullfont!
Missing character: There is no –¥ in font nullfont!
Missing character: There is no –∞ in font nullfont!
Missing character: There is no –Ω in font nullfont!
Missing character: There is no –Ω in font nullfont!
Missing character: There is no —ã in font nullfont!
Missing character: There is no —Ö in font nullfont!
Missing character: There is no –∏ in font nullfont!
Missing character: There is no –º in font nullfont!
Missing character: There is no –µ in font nullfont!
Missing character: There is no —Ç in font nullfont!
Missing character: There is no –∞ in font nullfont!
Missing character: There is no –¥ in font nullfont!
Missing character: There is no –∞ in font nullfont!
Missing character: There is no –Ω in font nullfont!
Missing character: There is no –Ω in font nullfont!
Missing character: There is no —ã in font nullfont!
Missing character: There is no —Ö in font nullfont!
Missing character: There is no –¥ in font nullfont!
Missing character: There is no –ª in font nullfont!
Missing character: There is no —è in font nullfont!
Missing character: There is no –æ in font nullfont!
Missing character: There is no –ø in font nullfont!
Missing character: There is no –∏ in font nullfont!
Missing character: There is no —Å in font nullfont!
Missing character: There is no –∞ in font nullfont!
Missing character: There is no –Ω in font nullfont!
Missing character: There is no –∏ in font nullfont!
Missing character: There is no —è in font nullfont!
Missing character: There is no —Å in font nullfont!
Missing character: There is no —Ç in font nullfont!
Missing character: There is no —Ä in font nullfont!
Missing character: There is no —É in font nullfont!
Missing character: There is no –∫ in font nullfont!
Missing character: There is no —Ç in font nullfont!
Missing character: There is no —É in font nullfont!
Missing character: There is no —Ä in font nullfont!
Missing character: There is no —ã in font nullfont!
Missing character: There is no –¥ in font nullfont!
Missing character: There is no –æ in font nullfont!
Missing character: There is no –∫ in font nullfont!
Missing character: There is no —É in font nullfont!
Missing character: There is no –º in font nullfont!
Missing character: There is no –µ in font nullfont!
Missing character: There is no –Ω in font nullfont!
Missing character: There is no —Ç in font nullfont!
Missing character: There is no –æ in font nullfont!
Missing character: There is no –≤ in font nullfont!
Missing character: There is no —Ä in font nullfont!
Missing character: There is no –∞ in font nullfont!
Missing character: There is no –∑ in font nullfont!
Missing character: There is no –ª in font nullfont!
Missing character: There is no –∏ in font nullfont!
Missing character: There is no —á in font nullfont!
Missing character: There is no –Ω in font nullfont!
Missing character: There is no —ã in font nullfont!
Missing character: There is no —Ö in font nullfont!
Missing character: There is no —Ç in font nullfont!
Missing character: There is no –∏ in font nullfont!
Missing character: There is no –ø in font nullfont!
Missing character: There is no –æ in font nullfont!
Missing character: There is no –≤ in font nullfont!
Missing character: There is no –∏ in font nullfont!
Missing character: There is no –∏ in font nullfont!
Missing character: There is no —Ö in font nullfont!
Missing character: There is no –ø in font nullfont!
Missing character: There is no –∞ in font nullfont!
Missing character: There is no —Ä in font nullfont!
Missing character: There is no –∞ in font nullfont!
Missing character: There is no –º in font nullfont!
Missing character: There is no –µ in font nullfont!
Missing character: There is no —Ç in font nullfont!
Missing character: There is no —Ä in font nullfont!
Missing character: There is no –æ in font nullfont!
Missing character: There is no –≤ in font nullfont!
Missing character: There is no . in font nullfont!
Missing character: There is no –ü in font nullfont!
Missing character: There is no —Ä in font nullfont!
Missing character: There is no –∏ in font nullfont!
Missing character: There is no –≤ in font nullfont!
Missing character: There is no –æ in font nullfont!
Missing character: There is no –¥ in font nullfont!
Missing character: There is no –∏ in font nullfont!
Missing character: There is no —Ç in font nullfont!
Missing character: There is no —Å in font nullfont!
Missing character: There is no —è in font nullfont!
Missing character: There is no –ø in font nullfont!
Missing character: There is no —Ä in font nullfont!
Missing character: There is no –∏ in font nullfont!
Missing character: There is no –± in font nullfont!
Missing character: There is no –ª in font nullfont!
Missing character: There is no –∏ in font nullfont!
Missing character: There is no –∑ in font nullfont!
Missing character: There is no –∏ in font nullfont!
Missing character: There is no —Ç in font nullfont!
Missing character: There is no –µ in font nullfont!
Missing character: There is no –ª in font nullfont!
Missing character: There is no —å in font nullfont!
Missing character: There is no –Ω in font nullfont!
Missing character: There is no –∞ in font nullfont!
Missing character: There is no —è in font nullfont!
Missing character: There is no –æ in font nullfont!
Missing character: There is no —Ü in font nullfont!
Missing character: There is no –µ in font nullfont!
Missing character: There is no –Ω in font nullfont!
Missing character: There is no –∫ in font nullfont!
Missing character: There is no –∞ in font nullfont!
Missing character: There is no –ø in font nullfont!
Missing character: There is no –æ in font nullfont!
Missing character: There is no –ª in font nullfont!
Missing character: There is no —É in font nullfont!
Missing character: There is no —á in font nullfont!
Missing character: There is no –µ in font nullfont!
Missing character: There is no –Ω in font nullfont!
Missing character: There is no –Ω in font nullfont!
Missing character: There is no –æ in font nullfont!
Missing character: There is no –π in font nullfont!
Missing character: There is no –º in font nullfont!
Missing character: There is no –æ in font nullfont!
Missing character: There is no –¥ in font nullfont!
Missing character: There is no –µ in font nullfont!
Missing character: There is no –ª in font nullfont!
Missing character: There is no –∏ in font nullfont!
Missing character: There is no . in font nullfont!

! LaTeX Error: \begin{document} ended by \end{annotation}.

See the LaTeX manual or LaTeX Companion for explanation.
Type  H <return>  for immediate help.
 ...                                              
                                                  
l.16 \end{annotation}
                     
Your command was ignored.
Type  I <command> <return>  to replace it with another command,
or  <return>  to continue without it.


Overfull \hbox (20.0pt too wide) in paragraph at lines 15--17
[]
 []

! Undefined control sequence.
l.21 \section
             {2.2. –†–∞–∑—Ä–∞–±–æ—Ç–∫–∞ –∫–æ–Ω—Ü–µ–ø—Ç—É–∞–ª—å–Ω–æ–π –º–æ–¥–...
The control sequence at the end of the top line
of your error message was never \def'ed. If you have
misspelled it (e.g., `\hobx'), type `I' and the correct
spelling (e.g., `I\hbox'). Otherwise just continue,
and I'll forget about whatever was undefined.


! LaTeX Error: Missing \begin{document}.

See the LaTeX manual or LaTeX Companion for explanation.
Type  H <return>  for immediate help.
 ...                                              
                                                  
l.21 \section{2
               .2. –†–∞–∑—Ä–∞–±–æ—Ç–∫–∞ –∫–æ–Ω—Ü–µ–ø—Ç—É–∞–ª—å–Ω–æ–π –º–æ–¥–...

You're in trouble here.  Try typing  <return>  to proceed.
If that doesn't work, type  X <return>  to quit.

Missing character: There is no 2 in font nullfont!
Missing character: There is no . in font nullfont!
Missing character: There is no 2 in font nullfont!
Missing character: There is no . in font nullfont!
Missing character: There is no –† in font nullfont!
Missing character: There is no –∞ in font nullfont!
Missing character: There is no –∑ in font nullfont!
Missing character: There is no —Ä in font nullfont!
Missing character: There is no –∞ in font nullfont!
Missing character: There is no –± in font nullfont!
Missing character: There is no –æ in font nullfont!
Missing character: There is no —Ç in font nullfont!
Missing character: There is no –∫ in font nullfont!
Missing character: There is no –∞ in font nullfont!
Missing character: There is no –∫ in font nullfont!
Missing character: There is no –æ in font nullfont!
Missing character: There is no –Ω in font nullfont!
Missing character: There is no —Ü in font nullfont!
Missing character: There is no –µ in font nullfont!
Missing character: There is no –ø in font nullfont!
Missing character: There is no —Ç in font nullfont!
Missing character: There is no —É in font nullfont!
Missing character: There is no –∞ in font nullfont!
Missing character: There is no –ª in font nullfont!
Missing character: There is no —å in font nullfont!
Missing character: There is no –Ω in font nullfont!
Missing character: There is no –æ in font nullfont!
Missing character: There is no –π in font nullfont!
Missing character: There is no –º in font nullfont!
Missing character: There is no –æ in font nullfont!
Missing character: There is no –¥ in font nullfont!
Missing character: There is no –µ in font nullfont!
Missing character: There is no –ª in font nullfont!
Missing character: There is no –∏ in font nullfont!
Missing character: There is no —Ç in font nullfont!
Missing character: There is no –µ in font nullfont!
Missing character: There is no —Å in font nullfont!
Missing character: There is no —Ç in font nullfont!
Missing character: There is no –æ in font nullfont!
Missing character: There is no –≤ in font nullfont!
Missing character: There is no –æ in font nullfont!
Missing character: There is no –π in font nullfont!
Missing character: There is no –ø in font nullfont!
Missing character: There is no —Ä in font nullfont!
Missing character: There is no –µ in font nullfont!
Missing character: There is no –¥ in font nullfont!
Missing character: There is no –º in font nullfont!
Missing character: There is no –µ in font nullfont!
Missing character: There is no —Ç in font nullfont!
Missing character: There is no –Ω in font nullfont!
Missing character: There is no –æ in font nullfont!
Missing character: There is no –π in font nullfont!
Missing character: There is no –æ in font nullfont!
Missing character: There is no –± in font nullfont!
Missing character: There is no –ª in font nullfont!
Missing character: There is no –∞ in font nullfont!
Missing character: There is no —Å in font nullfont!
Missing character: There is no —Ç in font nullfont!
Missing character: There is no –∏ in font nullfont!
Missing character: There is no ‚Äì in font nullfont!
Missing character: There is no –≥ in font nullfont!
Missing character: There is no –µ in font nullfont!
Missing character: There is no –Ω in font nullfont!
Missing character: There is no –µ in font nullfont!
Missing character: There is no —Ä in font nullfont!
Missing character: There is no –∞ in font nullfont!
Missing character: There is no —Ü in font nullfont!
Missing character: There is no –∏ in font nullfont!
Missing character: There is no —è in font nullfont!
Missing character: There is no –ø in font nullfont!
Missing character: There is no —Ä in font nullfont!
Missing character: There is no –æ in font nullfont!
Missing character: There is no —Ç in font nullfont!
Missing character: There is no –æ in font nullfont!
Missing character: There is no –∫ in font nullfont!
Missing character: There is no –æ in font nullfont!
Missing character: There is no –ª in font nullfont!
Missing character: There is no –æ in font nullfont!
Missing character: There is no –≤ in font nullfont!
Missing character: There is no –¥ in font nullfont!
Missing character: There is no –ª in font nullfont!
Missing character: There is no —è in font nullfont!
Missing character: There is no –í in font nullfont!
Missing character: There is no –ö in font nullfont!
Missing character: There is no –† in font nullfont!
Missing character: There is no . in font nullfont!

Overfull \hbox (20.0pt too wide) in paragraph at lines 21--22
[]
 []


! LaTeX Error: Environment annotation undefined.

See the LaTeX manual or LaTeX Companion for explanation.
Type  H <return>  for immediate help.
 ...                                              
                                                  
l.23 \begin{annotation}
                       
Your command was ignored.
Type  I <command> <return>  to replace it with another command,
or  <return>  to continue without it.


! LaTeX Error: Missing \begin{document}.

See the LaTeX manual or LaTeX Companion for explanation.
Type  H <return>  for immediate help.
 ...                                              
                                                  
l.24 –í
        –¥–∞–Ω–Ω–æ–º —Ä–∞–∑–¥–µ–ª–µ –æ–ø–∏—Å—ã–≤–∞–µ—Ç—Å—è –ø—Ä–æ—Ü–µ—Å—Å —Ä...

You're in trouble here.  Try typing  <return>  to proceed.
If that doesn't work, type  X <return>  to quit.

Missing character: There is no –í in font nullfont!
Missing character: There is no –¥ in font nullfont!
Missing character: There is no –∞ in font nullfont!
Missing character: There is no –Ω in font nullfont!
Missing character: There is no –Ω in font nullfont!
Missing character: There is no –æ in font nullfont!
Missing character: There is no –º in font nullfont!
Missing character: There is no —Ä in font nullfont!
Missing character: There is no –∞ in font nullfont!
Missing character: There is no –∑ in font nullfont!
Missing character: There is no –¥ in font nullfont!
Missing character: There is no –µ in font nullfont!
Missing character: There is no –ª in font nullfont!
Missing character: There is no –µ in font nullfont!
Missing character: There is no –æ in font nullfont!
Missing character: There is no –ø in font nullfont!
Missing character: There is no –∏ in font nullfont!
Missing character: There is no —Å in font nullfont!
Missing character: There is no —ã in font nullfont!
Missing character: There is no –≤ in font nullfont!
Missing character: There is no –∞ in font nullfont!
Missing character: There is no –µ in font nullfont!
Missing character: There is no —Ç in font nullfont!
Missing character: There is no —Å in font nullfont!
Missing character: There is no —è in font nullfont!
Missing character: There is no –ø in font nullfont!
Missing character: There is no —Ä in font nullfont!
Missing character: There is no –æ in font nullfont!
Missing character: There is no —Ü in font nullfont!
Missing character: There is no –µ in font nullfont!
Missing character: There is no —Å in font nullfont!
Missing character: There is no —Å in font nullfont!
Missing character: There is no —Ä in font nullfont!
Missing character: There is no –∞ in font nullfont!
Missing character: There is no –∑ in font nullfont!
Missing character: There is no —Ä in font nullfont!
Missing character: There is no –∞ in font nullfont!
Missing character: There is no –± in font nullfont!
Missing character: There is no –æ in font nullfont!
Missing character: There is no —Ç in font nullfont!
Missing character: There is no –∫ in font nullfont!
Missing character: There is no –∏ in font nullfont!
Missing character: There is no –∫ in font nullfont!
Missing character: There is no –æ in font nullfont!
Missing character: There is no –Ω in font nullfont!
Missing character: There is no —Ü in font nullfont!
Missing character: There is no –µ in font nullfont!
Missing character: There is no –ø in font nullfont!
Missing character: There is no —Ç in font nullfont!
Missing character: There is no —É in font nullfont!
Missing character: There is no –∞ in font nullfont!
Missing character: There is no –ª in font nullfont!
Missing character: There is no —å in font nullfont!
Missing character: There is no –Ω in font nullfont!
Missing character: There is no –æ in font nullfont!
Missing character: There is no –π in font nullfont!
Missing character: There is no –º in font nullfont!
Missing character: There is no –æ in font nullfont!
Missing character: There is no –¥ in font nullfont!
Missing character: There is no –µ in font nullfont!
Missing character: There is no –ª in font nullfont!
Missing character: There is no –∏ in font nullfont!
Missing character: There is no —Ç in font nullfont!
Missing character: There is no –µ in font nullfont!
Missing character: There is no —Å in font nullfont!
Missing character: There is no —Ç in font nullfont!
Missing character: There is no –æ in font nullfont!
Missing character: There is no –≤ in font nullfont!
Missing character: There is no –æ in font nullfont!
Missing character: There is no –π in font nullfont!
Missing character: There is no –ø in font nullfont!
Missing character: There is no —Ä in font nullfont!
Missing character: There is no –µ in font nullfont!
Missing character: There is no –¥ in font nullfont!
Missing character: There is no –º in font nullfont!
Missing character: There is no –µ in font nullfont!
Missing character: There is no —Ç in font nullfont!
Missing character: There is no –Ω in font nullfont!
Missing character: There is no –æ in font nullfont!
Missing character: There is no –π in font nullfont!
Missing character: There is no –æ in font nullfont!
Missing character: There is no –± in font nullfont!
Missing character: There is no –ª in font nullfont!
Missing character: There is no –∞ in font nullfont!
Missing character: There is no —Å in font nullfont!
Missing character: There is no —Ç in font nullfont!
Missing character: There is no –∏ in font nullfont!
Missing character: There is no , in font nullfont!
Missing character: There is no –∞ in font nullfont!
Missing character: There is no –∏ in font nullfont!
Missing character: There is no –º in font nullfont!
Missing character: There is no –µ in font nullfont!
Missing character: There is no –Ω in font nullfont!
Missing character: There is no –Ω in font nullfont!
Missing character: There is no –æ in font nullfont!
Missing character: There is no –≥ in font nullfont!
Missing character: There is no –µ in font nullfont!
Missing character: There is no –Ω in font nullfont!
Missing character: There is no –µ in font nullfont!
Missing character: There is no —Ä in font nullfont!
Missing character: There is no –∞ in font nullfont!
Missing character: There is no —Ü in font nullfont!
Missing character: There is no –∏ in font nullfont!
Missing character: There is no –∏ in font nullfont!
Missing character: There is no –ø in font nullfont!
Missing character: There is no —Ä in font nullfont!
Missing character: There is no –æ in font nullfont!
Missing character: There is no —Ç in font nullfont!
Missing character: There is no –æ in font nullfont!
Missing character: There is no –∫ in font nullfont!
Missing character: There is no –æ in font nullfont!
Missing character: There is no –ª in font nullfont!
Missing character: There is no –æ in font nullfont!
Missing character: There is no –≤ in font nullfont!
Missing character: There is no –¥ in font nullfont!
Missing character: There is no –ª in font nullfont!
Missing character: There is no —è in font nullfont!
Missing character: There is no –í in font nullfont!
Missing character: There is no –ö in font nullfont!
Missing character: There is no –† in font nullfont!
Missing character: There is no . in font nullfont!

! LaTeX Error: \begin{document} ended by \end{annotation}.

See the LaTeX manual or LaTeX Companion for explanation.
Type  H <return>  for immediate help.
 ...                                              
                                                  
l.25 \end{annotation}
                     
Your command was ignored.
Type  I <command> <return>  to replace it with another command,
or  <return>  to continue without it.

)
! Emergency stop.
<*> thesis-template-chapter2.tex
                                
*** (job aborted, no legal \end found)

 
Here is how much of TeX's memory you used:
 6 strings out of 493638
 133 string characters out of 6146796
 53567 words of memory out of 5000000
 3507 multiletter control sequences out of 15000+600000
 3640 words of font info for 14 fonts, out of 8000000 for 9000
 1328 hyphenation exceptions out of 8191
 6i,0n,6p,237b,19s stack positions out of 5000i,500n,10000p,200000b,80000s
No pages of output.
