This is XeTeX, Version 3.14159265-2.6-0.99992 (TeX Live 2015/Debian) (preloaded format=xelatex 2017.11.4)  23 JAN 2018 01:32
entering extended mode
 restricted \write18 enabled.
 %&-line parsing enabled.
**thesis-template-abstract.tex
(./thesis-template-abstract.tex
LaTeX2e <2016/02/01>
Babel <3.9q> and hyphenation patterns for 81 language(s) loaded.
! Undefined control sequence.
l.1 \chapter
            *{–†–µ—Ñ–µ—Ä–∞—Ç}
The control sequence at the end of the top line
of your error message was never \def'ed. If you have
misspelled it (e.g., `\hobx'), type `I' and the correct
spelling (e.g., `I\hbox'). Otherwise just continue,
and I'll forget about whatever was undefined.


! LaTeX Error: Missing \begin{document}.

See the LaTeX manual or LaTeX Companion for explanation.
Type  H <return>  for immediate help.
 ...                                              
                                                  
l.1 \chapter*
             {–†–µ—Ñ–µ—Ä–∞—Ç}
You're in trouble here.  Try typing  <return>  to proceed.
If that doesn't work, type  X <return>  to quit.

Missing character: There is no * in font nullfont!
Missing character: There is no –† in font nullfont!
Missing character: There is no –µ in font nullfont!
Missing character: There is no —Ñ in font nullfont!
Missing character: There is no –µ in font nullfont!
Missing character: There is no —Ä in font nullfont!
Missing character: There is no –∞ in font nullfont!
Missing character: There is no —Ç in font nullfont!

Overfull \hbox (20.0pt too wide) in paragraph at lines 1--3
[]
 []


! LaTeX Error: Missing \begin{document}.

See the LaTeX manual or LaTeX Companion for explanation.
Type  H <return>  for immediate help.
 ...                                              
                                                  
l.4 –ü
      –æ—è—Å–Ω–∏—Ç–µ–ª—å–Ω–∞—è –∑–∞–ø–∏—Å–∫–∞ —Å–æ–¥–µ—Ä–∂–∏—Ç 43 —Å—Ç—Ä–∞–Ω...

You're in trouble here.  Try typing  <return>  to proceed.
If that doesn't work, type  X <return>  to quit.

Missing character: There is no –ü in font nullfont!
Missing character: There is no –æ in font nullfont!
Missing character: There is no —è in font nullfont!
Missing character: There is no —Å in font nullfont!
Missing character: There is no –Ω in font nullfont!
Missing character: There is no –∏ in font nullfont!
Missing character: There is no —Ç in font nullfont!
Missing character: There is no –µ in font nullfont!
Missing character: There is no –ª in font nullfont!
Missing character: There is no —å in font nullfont!
Missing character: There is no –Ω in font nullfont!
Missing character: There is no –∞ in font nullfont!
Missing character: There is no —è in font nullfont!
Missing character: There is no –∑ in font nullfont!
Missing character: There is no –∞ in font nullfont!
Missing character: There is no –ø in font nullfont!
Missing character: There is no –∏ in font nullfont!
Missing character: There is no —Å in font nullfont!
Missing character: There is no –∫ in font nullfont!
Missing character: There is no –∞ in font nullfont!
Missing character: There is no —Å in font nullfont!
Missing character: There is no –æ in font nullfont!
Missing character: There is no –¥ in font nullfont!
Missing character: There is no –µ in font nullfont!
Missing character: There is no —Ä in font nullfont!
Missing character: There is no –∂ in font nullfont!
Missing character: There is no –∏ in font nullfont!
Missing character: There is no —Ç in font nullfont!
Missing character: There is no 4 in font nullfont!
Missing character: There is no 3 in font nullfont!
Missing character: There is no —Å in font nullfont!
Missing character: There is no —Ç in font nullfont!
Missing character: There is no —Ä in font nullfont!
Missing character: There is no –∞ in font nullfont!
Missing character: There is no –Ω in font nullfont!
Missing character: There is no –∏ in font nullfont!
Missing character: There is no —Ü in font nullfont!
Missing character: There is no —ã in font nullfont!
Missing character: There is no . in font nullfont!
Missing character: There is no –ö in font nullfont!
Missing character: There is no –æ in font nullfont!
Missing character: There is no –ª in font nullfont!
Missing character: There is no –∏ in font nullfont!
Missing character: There is no —á in font nullfont!
Missing character: There is no –µ in font nullfont!
Missing character: There is no —Å in font nullfont!
Missing character: There is no —Ç in font nullfont!
Missing character: There is no –≤ in font nullfont!
Missing character: There is no –æ in font nullfont!
Missing character: There is no –∏ in font nullfont!
Missing character: There is no —Å in font nullfont!
Missing character: There is no –ø in font nullfont!
Missing character: There is no –æ in font nullfont!
Missing character: There is no –ª in font nullfont!
Missing character: There is no —å in font nullfont!
Missing character: There is no –∑ in font nullfont!
Missing character: There is no –æ in font nullfont!
Missing character: There is no –≤ in font nullfont!
Missing character: There is no –∞ in font nullfont!
Missing character: There is no –Ω in font nullfont!
Missing character: There is no –Ω in font nullfont!
Missing character: There is no —ã in font nullfont!
Missing character: There is no —Ö in font nullfont!
Missing character: There is no –∏ in font nullfont!
Missing character: There is no —Å in font nullfont!
Missing character: There is no —Ç in font nullfont!
Missing character: There is no –æ in font nullfont!
Missing character: There is no —á in font nullfont!
Missing character: There is no –Ω in font nullfont!
Missing character: There is no –∏ in font nullfont!
Missing character: There is no –∫ in font nullfont!
Missing character: There is no –æ in font nullfont!
Missing character: There is no –≤ in font nullfont!
Missing character: There is no - in font nullfont!
Missing character: There is no - in font nullfont!
Missing character: There is no 1 in font nullfont!
Missing character: There is no 5 in font nullfont!
Missing character: There is no . in font nullfont!
Missing character: There is no –ö in font nullfont!
Missing character: There is no –æ in font nullfont!
Missing character: There is no –ª in font nullfont!
Missing character: There is no –∏ in font nullfont!
Missing character: There is no —á in font nullfont!
Missing character: There is no –µ in font nullfont!
Missing character: There is no —Å in font nullfont!
Missing character: There is no —Ç in font nullfont!
Missing character: There is no –≤ in font nullfont!
Missing character: There is no –æ in font nullfont!
Missing character: There is no –ø in font nullfont!
Missing character: There is no —Ä in font nullfont!
Missing character: There is no –∏ in font nullfont!
Missing character: There is no –ª in font nullfont!
Missing character: There is no –æ in font nullfont!
Missing character: There is no –∂ in font nullfont!
Missing character: There is no –µ in font nullfont!
Missing character: There is no –Ω in font nullfont!
Missing character: There is no –∏ in font nullfont!
Missing character: There is no –π in font nullfont!
Missing character: There is no - in font nullfont!
Missing character: There is no - in font nullfont!
Missing character: There is no 1 in font nullfont!
Missing character: There is no . in font nullfont!

Overfull \hbox (20.0pt too wide) in paragraph at lines 4--5
[]
 []


! LaTeX Error: Missing \begin{document}.

See the LaTeX manual or LaTeX Companion for explanation.
Type  H <return>  for immediate help.
 ...                                              
                                                  
l.6 –ö
      –ª—é—á–µ–≤—ã–µ —Å–ª–æ–≤–∞: —à–∞–±–ª–æ–Ω, –≥–µ–Ω–µ—Ä–∞—Ü–∏—è —Ñ–∞–π–ª–æ...

You're in trouble here.  Try typing  <return>  to proceed.
If that doesn't work, type  X <return>  to quit.

Missing character: There is no –ö in font nullfont!
Missing character: There is no –ª in font nullfont!
Missing character: There is no —é in font nullfont!
Missing character: There is no —á in font nullfont!
Missing character: There is no –µ in font nullfont!
Missing character: There is no –≤ in font nullfont!
Missing character: There is no —ã in font nullfont!
Missing character: There is no –µ in font nullfont!
Missing character: There is no —Å in font nullfont!
Missing character: There is no –ª in font nullfont!
Missing character: There is no –æ in font nullfont!
Missing character: There is no –≤ in font nullfont!
Missing character: There is no –∞ in font nullfont!
Missing character: There is no : in font nullfont!
Missing character: There is no —à in font nullfont!
Missing character: There is no –∞ in font nullfont!
Missing character: There is no –± in font nullfont!
Missing character: There is no –ª in font nullfont!
Missing character: There is no –æ in font nullfont!
Missing character: There is no –Ω in font nullfont!
Missing character: There is no , in font nullfont!
Missing character: There is no –≥ in font nullfont!
Missing character: There is no –µ in font nullfont!
Missing character: There is no –Ω in font nullfont!
Missing character: There is no –µ in font nullfont!
Missing character: There is no —Ä in font nullfont!
Missing character: There is no –∞ in font nullfont!
Missing character: There is no —Ü in font nullfont!
Missing character: There is no –∏ in font nullfont!
Missing character: There is no —è in font nullfont!
Missing character: There is no —Ñ in font nullfont!
Missing character: There is no –∞ in font nullfont!
Missing character: There is no –π in font nullfont!
Missing character: There is no –ª in font nullfont!
Missing character: There is no –æ in font nullfont!
Missing character: There is no –≤ in font nullfont!
Missing character: There is no , in font nullfont!
Missing character: There is no W in font nullfont!
Missing character: There is no o in font nullfont!
Missing character: There is no r in font nullfont!
Missing character: There is no d in font nullfont!
Missing character: There is no - in font nullfont!
Missing character: There is no –¥ in font nullfont!
Missing character: There is no –æ in font nullfont!
Missing character: There is no –∫ in font nullfont!
Missing character: There is no —É in font nullfont!
Missing character: There is no –º in font nullfont!
Missing character: There is no –µ in font nullfont!
Missing character: There is no –Ω in font nullfont!
Missing character: There is no —Ç in font nullfont!
Missing character: There is no , in font nullfont!
Missing character: There is no L in font nullfont!
Missing character: There is no a in font nullfont!
Missing character: There is no T in font nullfont!
Missing character: There is no e in font nullfont!
Missing character: There is no x in font nullfont!
Missing character: There is no , in font nullfont!
Missing character: There is no P in font nullfont!
Missing character: There is no D in font nullfont!
Missing character: There is no F in font nullfont!
Missing character: There is no - in font nullfont!
Missing character: There is no –¥ in font nullfont!
Missing character: There is no –æ in font nullfont!
Missing character: There is no –∫ in font nullfont!
Missing character: There is no —É in font nullfont!
Missing character: There is no –º in font nullfont!
Missing character: There is no –µ in font nullfont!
Missing character: There is no –Ω in font nullfont!
Missing character: There is no —Ç in font nullfont!
Missing character: There is no , in font nullfont!
Missing character: There is no . in font nullfont!
Missing character: There is no N in font nullfont!
Missing character: There is no E in font nullfont!
Missing character: There is no T in font nullfont!
Missing character: There is no , in font nullfont!
Missing character: There is no –≤ in font nullfont!
Missing character: There is no –µ in font nullfont!
Missing character: There is no –± in font nullfont!
Missing character: There is no - in font nullfont!
Missing character: There is no —Å in font nullfont!
Missing character: There is no –µ in font nullfont!
Missing character: There is no —Ä in font nullfont!
Missing character: There is no –≤ in font nullfont!
Missing character: There is no –∏ in font nullfont!
Missing character: There is no —Å in font nullfont!
Missing character: There is no , in font nullfont!
Missing character: There is no –≤ in font nullfont!
Missing character: There is no –µ in font nullfont!
Missing character: There is no –± in font nullfont!
Missing character: There is no - in font nullfont!
Missing character: There is no –∏ in font nullfont!
Missing character: There is no –Ω in font nullfont!
Missing character: There is no —Ç in font nullfont!
Missing character: There is no –µ in font nullfont!
Missing character: There is no —Ä in font nullfont!
Missing character: There is no —Ñ in font nullfont!
Missing character: There is no –µ in font nullfont!
Missing character: There is no –π in font nullfont!
Missing character: There is no —Å in font nullfont!
Missing character: There is no . in font nullfont!

Overfull \hbox (20.0pt too wide) in paragraph at lines 6--7
[]
 []


! LaTeX Error: Missing \begin{document}.

See the LaTeX manual or LaTeX Companion for explanation.
Type  H <return>  for immediate help.
 ...                                              
                                                  
l.8     –¶
          –µ–ª—å—é –¥–∞–Ω–Ω–æ–π —É—á–µ–±–Ω–æ-–∏—Å—Å–ª–µ–¥–æ–≤–∞—Ç–µ–ª—å—Å–∫–...

You're in trouble here.  Try typing  <return>  to proceed.
If that doesn't work, type  X <return>  to quit.

Missing character: There is no –¶ in font nullfont!
Missing character: There is no –µ in font nullfont!
Missing character: There is no –ª in font nullfont!
Missing character: There is no —å in font nullfont!
Missing character: There is no —é in font nullfont!
Missing character: There is no –¥ in font nullfont!
Missing character: There is no –∞ in font nullfont!
Missing character: There is no –Ω in font nullfont!
Missing character: There is no –Ω in font nullfont!
Missing character: There is no –æ in font nullfont!
Missing character: There is no –π in font nullfont!
Missing character: There is no —É in font nullfont!
Missing character: There is no —á in font nullfont!
Missing character: There is no –µ in font nullfont!
Missing character: There is no –± in font nullfont!
Missing character: There is no –Ω in font nullfont!
Missing character: There is no –æ in font nullfont!
Missing character: There is no - in font nullfont!
Missing character: There is no –∏ in font nullfont!
Missing character: There is no —Å in font nullfont!
Missing character: There is no —Å in font nullfont!
Missing character: There is no –ª in font nullfont!
Missing character: There is no –µ in font nullfont!
Missing character: There is no –¥ in font nullfont!
Missing character: There is no –æ in font nullfont!
Missing character: There is no –≤ in font nullfont!
Missing character: There is no –∞ in font nullfont!
Missing character: There is no —Ç in font nullfont!
Missing character: There is no –µ in font nullfont!
Missing character: There is no –ª in font nullfont!
Missing character: There is no —å in font nullfont!
Missing character: There is no —Å in font nullfont!
Missing character: There is no –∫ in font nullfont!
Missing character: There is no –æ in font nullfont!
Missing character: There is no –π in font nullfont!
Missing character: There is no —Ä in font nullfont!
Missing character: There is no –∞ in font nullfont!
Missing character: There is no –± in font nullfont!
Missing character: There is no –æ in font nullfont!
Missing character: There is no —Ç in font nullfont!
Missing character: There is no —ã in font nullfont!
Missing character: There is no —è in font nullfont!
Missing character: There is no –≤ in font nullfont!
Missing character: There is no –ª in font nullfont!
Missing character: There is no —è in font nullfont!
Missing character: There is no –µ in font nullfont!
Missing character: There is no —Ç in font nullfont!
Missing character: There is no —Å in font nullfont!
Missing character: There is no —è in font nullfont!
Missing character: There is no –∏ in font nullfont!
Missing character: There is no —Å in font nullfont!
Missing character: There is no —Å in font nullfont!
Missing character: There is no –ª in font nullfont!
Missing character: There is no –µ in font nullfont!
Missing character: There is no –¥ in font nullfont!
Missing character: There is no –æ in font nullfont!
Missing character: There is no –≤ in font nullfont!
Missing character: There is no –∞ in font nullfont!
Missing character: There is no –Ω in font nullfont!
Missing character: There is no –∏ in font nullfont!
Missing character: There is no –µ in font nullfont!
Missing character: There is no –∏ in font nullfont!
Missing character: There is no —Ä in font nullfont!
Missing character: There is no –∞ in font nullfont!
Missing character: There is no –∑ in font nullfont!
Missing character: There is no —Ä in font nullfont!
Missing character: There is no –∞ in font nullfont!
Missing character: There is no –± in font nullfont!
Missing character: There is no –æ in font nullfont!
Missing character: There is no —Ç in font nullfont!
Missing character: There is no –∫ in font nullfont!
Missing character: There is no –∞ in font nullfont!
Missing character: There is no –ø in font nullfont!
Missing character: There is no —Ä in font nullfont!
Missing character: There is no –æ in font nullfont!
Missing character: There is no —Ç in font nullfont!
Missing character: There is no –æ in font nullfont!
Missing character: There is no —Ç in font nullfont!
Missing character: There is no –∏ in font nullfont!
Missing character: There is no –ø in font nullfont!
Missing character: There is no –∞ in font nullfont!
Missing character: There is no —Å in font nullfont!
Missing character: There is no –∏ in font nullfont!
Missing character: There is no —Å in font nullfont!
Missing character: There is no —Ç in font nullfont!
Missing character: There is no –µ in font nullfont!
Missing character: There is no –º in font nullfont!
Missing character: There is no —ã in font nullfont!
Missing character: There is no –≥ in font nullfont!
Missing character: There is no –µ in font nullfont!
Missing character: There is no –Ω in font nullfont!
Missing character: There is no –µ in font nullfont!
Missing character: There is no —Ä in font nullfont!
Missing character: There is no –∞ in font nullfont!
Missing character: There is no —Ü in font nullfont!
Missing character: There is no –∏ in font nullfont!
Missing character: There is no –∏ in font nullfont!
Missing character: There is no –¥ in font nullfont!
Missing character: There is no –æ in font nullfont!
Missing character: There is no –∫ in font nullfont!
Missing character: There is no —É in font nullfont!
Missing character: There is no –º in font nullfont!
Missing character: There is no –µ in font nullfont!
Missing character: There is no –Ω in font nullfont!
Missing character: There is no —Ç in font nullfont!
Missing character: There is no –æ in font nullfont!
Missing character: There is no –≤ in font nullfont!
Missing character: There is no –Ω in font nullfont!
Missing character: There is no –∞ in font nullfont!
Missing character: There is no –æ in font nullfont!
Missing character: There is no —Å in font nullfont!
Missing character: There is no –Ω in font nullfont!
Missing character: There is no –æ in font nullfont!
Missing character: There is no –≤ in font nullfont!
Missing character: There is no –µ in font nullfont!
Missing character: There is no —à in font nullfont!
Missing character: There is no –∞ in font nullfont!
Missing character: There is no –± in font nullfont!
Missing character: There is no –ª in font nullfont!
Missing character: There is no –æ in font nullfont!
Missing character: There is no –Ω in font nullfont!
Missing character: There is no –æ in font nullfont!
Missing character: There is no –≤ in font nullfont!
Missing character: There is no . in font nullfont!

Overfull \hbox (20.0pt too wide) in paragraph at lines 8--9
[]
 []


! LaTeX Error: Missing \begin{document}.

See the LaTeX manual or LaTeX Companion for explanation.
Type  H <return>  for immediate help.
 ...                                              
                                                  
l.10     –í
            –ø–µ—Ä–≤–æ–º —Ä–∞–∑–¥–µ–ª–µ –æ–ø–∏—Å—ã–≤–∞–µ—Ç—Å—è –∏–∑—É—á–µ–Ω–...

You're in trouble here.  Try typing  <return>  to proceed.
If that doesn't work, type  X <return>  to quit.

Missing character: There is no –í in font nullfont!
Missing character: There is no –ø in font nullfont!
Missing character: There is no –µ in font nullfont!
Missing character: There is no —Ä in font nullfont!
Missing character: There is no –≤ in font nullfont!
Missing character: There is no –æ in font nullfont!
Missing character: There is no –º in font nullfont!
Missing character: There is no —Ä in font nullfont!
Missing character: There is no –∞ in font nullfont!
Missing character: There is no –∑ in font nullfont!
Missing character: There is no –¥ in font nullfont!
Missing character: There is no –µ in font nullfont!
Missing character: There is no –ª in font nullfont!
Missing character: There is no –µ in font nullfont!
Missing character: There is no –æ in font nullfont!
Missing character: There is no –ø in font nullfont!
Missing character: There is no –∏ in font nullfont!
Missing character: There is no —Å in font nullfont!
Missing character: There is no —ã in font nullfont!
Missing character: There is no –≤ in font nullfont!
Missing character: There is no –∞ in font nullfont!
Missing character: There is no –µ in font nullfont!
Missing character: There is no —Ç in font nullfont!
Missing character: There is no —Å in font nullfont!
Missing character: There is no —è in font nullfont!
Missing character: There is no –∏ in font nullfont!
Missing character: There is no –∑ in font nullfont!
Missing character: There is no —É in font nullfont!
Missing character: There is no —á in font nullfont!
Missing character: There is no –µ in font nullfont!
Missing character: There is no –Ω in font nullfont!
Missing character: There is no –∏ in font nullfont!
Missing character: There is no –µ in font nullfont!
Missing character: There is no –∏ in font nullfont!
Missing character: There is no —Å in font nullfont!
Missing character: There is no —Ä in font nullfont!
Missing character: There is no –∞ in font nullfont!
Missing character: There is no –≤ in font nullfont!
Missing character: There is no –Ω in font nullfont!
Missing character: There is no –∏ in font nullfont!
Missing character: There is no —Ç in font nullfont!
Missing character: There is no –µ in font nullfont!
Missing character: There is no –ª in font nullfont!
Missing character: There is no —å in font nullfont!
Missing character: There is no –Ω in font nullfont!
Missing character: There is no —ã in font nullfont!
Missing character: There is no –π in font nullfont!
Missing character: There is no –∞ in font nullfont!
Missing character: There is no –Ω in font nullfont!
Missing character: There is no –∞ in font nullfont!
Missing character: There is no –ª in font nullfont!
Missing character: There is no –∏ in font nullfont!
Missing character: There is no –∑ in font nullfont!
Missing character: There is no —Ñ in font nullfont!
Missing character: There is no –æ in font nullfont!
Missing character: There is no —Ä in font nullfont!
Missing character: There is no –º in font nullfont!
Missing character: There is no –∞ in font nullfont!
Missing character: There is no –ª in font nullfont!
Missing character: There is no —å in font nullfont!
Missing character: There is no –Ω in font nullfont!
Missing character: There is no —ã in font nullfont!
Missing character: There is no —Ö in font nullfont!
Missing character: There is no —Å in font nullfont!
Missing character: There is no —Ä in font nullfont!
Missing character: There is no –µ in font nullfont!
Missing character: There is no –¥ in font nullfont!
Missing character: There is no —Å in font nullfont!
Missing character: There is no —Ç in font nullfont!
Missing character: There is no –≤ in font nullfont!
Missing character: There is no –æ in font nullfont!
Missing character: There is no –ø in font nullfont!
Missing character: There is no –∏ in font nullfont!
Missing character: There is no —Å in font nullfont!
Missing character: There is no –∞ in font nullfont!
Missing character: There is no –Ω in font nullfont!
Missing character: There is no –∏ in font nullfont!
Missing character: There is no —è in font nullfont!
Missing character: There is no —à in font nullfont!
Missing character: There is no –∞ in font nullfont!
Missing character: There is no –± in font nullfont!
Missing character: There is no –ª in font nullfont!
Missing character: There is no –æ in font nullfont!
Missing character: There is no –Ω in font nullfont!
Missing character: There is no –æ in font nullfont!
Missing character: There is no –≤ in font nullfont!
Missing character: There is no –æ in font nullfont!
Missing character: There is no –± in font nullfont!
Missing character: There is no —ä in font nullfont!
Missing character: There is no –µ in font nullfont!
Missing character: There is no –∫ in font nullfont!
Missing character: There is no —Ç in font nullfont!
Missing character: There is no –æ in font nullfont!
Missing character: There is no –≤ in font nullfont!
Missing character: There is no . in font nullfont!
Missing character: There is no –ò in font nullfont!
Missing character: There is no –∑ in font nullfont!
Missing character: There is no —É in font nullfont!
Missing character: There is no —á in font nullfont!
Missing character: There is no –µ in font nullfont!
Missing character: There is no –Ω in font nullfont!
Missing character: There is no –∏ in font nullfont!
Missing character: There is no –µ in font nullfont!
Missing character: There is no –ø in font nullfont!
Missing character: There is no —Ä in font nullfont!
Missing character: There is no –∞ in font nullfont!
Missing character: There is no –≤ in font nullfont!
Missing character: There is no –∏ in font nullfont!
Missing character: There is no –ª in font nullfont!
Missing character: There is no –ø in font nullfont!
Missing character: There is no –æ in font nullfont!
Missing character: There is no –¥ in font nullfont!
Missing character: There is no —Å in font nullfont!
Missing character: There is no —Ç in font nullfont!
Missing character: There is no –∞ in font nullfont!
Missing character: There is no –Ω in font nullfont!
Missing character: There is no –æ in font nullfont!
Missing character: There is no –≤ in font nullfont!
Missing character: There is no –∫ in font nullfont!
Missing character: There is no –∏ in font nullfont!
Missing character: There is no –ø in font nullfont!
Missing character: There is no —Ä in font nullfont!
Missing character: There is no –∏ in font nullfont!
Missing character: There is no —Ñ in font nullfont!
Missing character: There is no –æ in font nullfont!
Missing character: There is no —Ä in font nullfont!
Missing character: There is no –º in font nullfont!
Missing character: There is no –∏ in font nullfont!
Missing character: There is no —Ä in font nullfont!
Missing character: There is no –æ in font nullfont!
Missing character: There is no –≤ in font nullfont!
Missing character: There is no –∞ in font nullfont!
Missing character: There is no –Ω in font nullfont!
Missing character: There is no –∏ in font nullfont!
Missing character: There is no –∏ in font nullfont!
Missing character: There is no –∫ in font nullfont!
Missing character: There is no –æ in font nullfont!
Missing character: There is no –Ω in font nullfont!
Missing character: There is no –µ in font nullfont!
Missing character: There is no —á in font nullfont!
Missing character: There is no –Ω in font nullfont!
Missing character: There is no —ã in font nullfont!
Missing character: There is no —Ö in font nullfont!
Missing character: There is no —Ñ in font nullfont!
Missing character: There is no –∞ in font nullfont!
Missing character: There is no –π in font nullfont!
Missing character: There is no –ª in font nullfont!
Missing character: There is no –æ in font nullfont!
Missing character: There is no –≤ in font nullfont!
Missing character: There is no . in font nullfont!

Overfull \hbox (20.0pt too wide) in paragraph at lines 10--11
[]
 []


! LaTeX Error: Missing \begin{document}.

See the LaTeX manual or LaTeX Companion for explanation.
Type  H <return>  for immediate help.
 ...                                              
                                                  
l.12 –í
       –æ –≤—Ç–æ—Ä–æ–º —Ä–∞–∑–¥–µ–ª–µ –æ–ø–∏—Å–∞–Ω –ø—Ä–æ—Ü–µ—Å—Å —Ä–∞–∑—Ä–∞...

You're in trouble here.  Try typing  <return>  to proceed.
If that doesn't work, type  X <return>  to quit.

Missing character: There is no –í in font nullfont!
Missing character: There is no –æ in font nullfont!
Missing character: There is no –≤ in font nullfont!
Missing character: There is no —Ç in font nullfont!
Missing character: There is no –æ in font nullfont!
Missing character: There is no —Ä in font nullfont!
Missing character: There is no –æ in font nullfont!
Missing character: There is no –º in font nullfont!
Missing character: There is no —Ä in font nullfont!
Missing character: There is no –∞ in font nullfont!
Missing character: There is no –∑ in font nullfont!
Missing character: There is no –¥ in font nullfont!
Missing character: There is no –µ in font nullfont!
Missing character: There is no –ª in font nullfont!
Missing character: There is no –µ in font nullfont!
Missing character: There is no –æ in font nullfont!
Missing character: There is no –ø in font nullfont!
Missing character: There is no –∏ in font nullfont!
Missing character: There is no —Å in font nullfont!
Missing character: There is no –∞ in font nullfont!
Missing character: There is no –Ω in font nullfont!
Missing character: There is no –ø in font nullfont!
Missing character: There is no —Ä in font nullfont!
Missing character: There is no –æ in font nullfont!
Missing character: There is no —Ü in font nullfont!
Missing character: There is no –µ in font nullfont!
Missing character: There is no —Å in font nullfont!
Missing character: There is no —Å in font nullfont!
Missing character: There is no —Ä in font nullfont!
Missing character: There is no –∞ in font nullfont!
Missing character: There is no –∑ in font nullfont!
Missing character: There is no —Ä in font nullfont!
Missing character: There is no –∞ in font nullfont!
Missing character: There is no –± in font nullfont!
Missing character: There is no –æ in font nullfont!
Missing character: There is no —Ç in font nullfont!
Missing character: There is no –∫ in font nullfont!
Missing character: There is no –∏ in font nullfont!
Missing character: There is no –º in font nullfont!
Missing character: There is no –æ in font nullfont!
Missing character: There is no –¥ in font nullfont!
Missing character: There is no –µ in font nullfont!
Missing character: There is no –ª in font nullfont!
Missing character: There is no –∏ in font nullfont!
Missing character: There is no –æ in font nullfont!
Missing character: There is no –± in font nullfont!
Missing character: There is no —ä in font nullfont!
Missing character: There is no –µ in font nullfont!
Missing character: There is no –∫ in font nullfont!
Missing character: There is no —Ç in font nullfont!
Missing character: There is no –æ in font nullfont!
Missing character: There is no –≤ in font nullfont!
Missing character: There is no –¥ in font nullfont!
Missing character: There is no –∞ in font nullfont!
Missing character: There is no –Ω in font nullfont!
Missing character: There is no –Ω in font nullfont!
Missing character: There is no —ã in font nullfont!
Missing character: There is no —Ö in font nullfont!
Missing character: There is no –∏ in font nullfont!
Missing character: There is no –º in font nullfont!
Missing character: There is no –µ in font nullfont!
Missing character: There is no —Ç in font nullfont!
Missing character: There is no –∞ in font nullfont!
Missing character: There is no –¥ in font nullfont!
Missing character: There is no –∞ in font nullfont!
Missing character: There is no –Ω in font nullfont!
Missing character: There is no –Ω in font nullfont!
Missing character: There is no —ã in font nullfont!
Missing character: There is no —Ö in font nullfont!
Missing character: There is no –¥ in font nullfont!
Missing character: There is no –ª in font nullfont!
Missing character: There is no —è in font nullfont!
Missing character: There is no –æ in font nullfont!
Missing character: There is no –ø in font nullfont!
Missing character: There is no –∏ in font nullfont!
Missing character: There is no —Å in font nullfont!
Missing character: There is no –∞ in font nullfont!
Missing character: There is no –Ω in font nullfont!
Missing character: There is no –∏ in font nullfont!
Missing character: There is no —è in font nullfont!
Missing character: There is no —à in font nullfont!
Missing character: There is no –∞ in font nullfont!
Missing character: There is no –± in font nullfont!
Missing character: There is no –ª in font nullfont!
Missing character: There is no –æ in font nullfont!
Missing character: There is no –Ω in font nullfont!
Missing character: There is no –æ in font nullfont!
Missing character: There is no –≤ in font nullfont!
Missing character: There is no –¥ in font nullfont!
Missing character: There is no –æ in font nullfont!
Missing character: There is no –∫ in font nullfont!
Missing character: There is no —É in font nullfont!
Missing character: There is no –º in font nullfont!
Missing character: There is no –µ in font nullfont!
Missing character: There is no –Ω in font nullfont!
Missing character: There is no —Ç in font nullfont!
Missing character: There is no –æ in font nullfont!
Missing character: There is no –≤ in font nullfont!
Missing character: There is no –∏ in font nullfont!
Missing character: There is no –º in font nullfont!
Missing character: There is no –µ in font nullfont!
Missing character: There is no —Ö in font nullfont!
Missing character: There is no –∞ in font nullfont!
Missing character: There is no –Ω in font nullfont!
Missing character: There is no –∏ in font nullfont!
Missing character: There is no –∑ in font nullfont!
Missing character: There is no –º in font nullfont!
Missing character: There is no –æ in font nullfont!
Missing character: There is no –≤ in font nullfont!
Missing character: There is no —Å in font nullfont!
Missing character: There is no –≤ in font nullfont!
Missing character: There is no —è in font nullfont!
Missing character: There is no –∑ in font nullfont!
Missing character: There is no —ã in font nullfont!
Missing character: There is no –≤ in font nullfont!
Missing character: There is no –∞ in font nullfont!
Missing character: There is no –Ω in font nullfont!
Missing character: There is no –∏ in font nullfont!
Missing character: There is no —è in font nullfont!
Missing character: There is no —Ñ in font nullfont!
Missing character: There is no –æ in font nullfont!
Missing character: There is no —Ä in font nullfont!
Missing character: There is no –º in font nullfont!
Missing character: There is no –∞ in font nullfont!
Missing character: There is no –ª in font nullfont!
Missing character: There is no —å in font nullfont!
Missing character: There is no –Ω in font nullfont!
Missing character: There is no —ã in font nullfont!
Missing character: There is no —Ö in font nullfont!
Missing character: There is no –ø in font nullfont!
Missing character: There is no –∞ in font nullfont!
Missing character: There is no —Ä in font nullfont!
Missing character: There is no –∞ in font nullfont!
Missing character: There is no –º in font nullfont!
Missing character: There is no –µ in font nullfont!
Missing character: There is no —Ç in font nullfont!
Missing character: There is no —Ä in font nullfont!
Missing character: There is no –æ in font nullfont!
Missing character: There is no –≤ in font nullfont!
Missing character: There is no —Å in font nullfont!
Missing character: There is no —Ñ in font nullfont!
Missing character: There is no –∞ in font nullfont!
Missing character: There is no –∫ in font nullfont!
Missing character: There is no —Ç in font nullfont!
Missing character: There is no –∏ in font nullfont!
Missing character: There is no —á in font nullfont!
Missing character: There is no –µ in font nullfont!
Missing character: There is no —Å in font nullfont!
Missing character: There is no –∫ in font nullfont!
Missing character: There is no –∏ in font nullfont!
Missing character: There is no –º in font nullfont!
Missing character: There is no –∏ in font nullfont!
Missing character: There is no –∏ in font nullfont!
Missing character: There is no –Ω in font nullfont!
Missing character: There is no —Ñ in font nullfont!
Missing character: There is no –æ in font nullfont!
Missing character: There is no —Ä in font nullfont!
Missing character: There is no –º in font nullfont!
Missing character: There is no –∞ in font nullfont!
Missing character: There is no —Ü in font nullfont!
Missing character: There is no –∏ in font nullfont!
Missing character: There is no –æ in font nullfont!
Missing character: There is no –Ω in font nullfont!
Missing character: There is no –Ω in font nullfont!
Missing character: There is no —ã in font nullfont!
Missing character: There is no –º in font nullfont!
Missing character: There is no –∏ in font nullfont!
Missing character: There is no –æ in font nullfont!
Missing character: There is no –± in font nullfont!
Missing character: There is no —ä in font nullfont!
Missing character: There is no –µ in font nullfont!
Missing character: There is no –∫ in font nullfont!
Missing character: There is no —Ç in font nullfont!
Missing character: There is no –∞ in font nullfont!
Missing character: There is no –º in font nullfont!
Missing character: There is no –∏ in font nullfont!
Missing character: There is no . in font nullfont!
Missing character: There is no –¢ in font nullfont!
Missing character: There is no –∞ in font nullfont!
Missing character: There is no –∫ in font nullfont!
Missing character: There is no –∂ in font nullfont!
Missing character: There is no –µ in font nullfont!
Missing character: There is no –æ in font nullfont!
Missing character: There is no –ø in font nullfont!
Missing character: There is no –∏ in font nullfont!
Missing character: There is no —Å in font nullfont!
Missing character: There is no –∞ in font nullfont!
Missing character: There is no –Ω in font nullfont!
Missing character: There is no –∞ in font nullfont!
Missing character: There is no —Ä in font nullfont!
Missing character: There is no –∞ in font nullfont!
Missing character: There is no –∑ in font nullfont!
Missing character: There is no —Ä in font nullfont!
Missing character: There is no –∞ in font nullfont!
Missing character: There is no –± in font nullfont!
Missing character: There is no –æ in font nullfont!
Missing character: There is no —Ç in font nullfont!
Missing character: There is no –∫ in font nullfont!
Missing character: There is no –∞ in font nullfont!
Missing character: There is no –∫ in font nullfont!
Missing character: There is no –æ in font nullfont!
Missing character: There is no –Ω in font nullfont!
Missing character: There is no —Ü in font nullfont!
Missing character: There is no –µ in font nullfont!
Missing character: There is no –ø in font nullfont!
Missing character: There is no —Ç in font nullfont!
Missing character: There is no —É in font nullfont!
Missing character: There is no –∞ in font nullfont!
Missing character: There is no –ª in font nullfont!
Missing character: There is no —å in font nullfont!
Missing character: There is no –Ω in font nullfont!
Missing character: There is no –æ in font nullfont!
Missing character: There is no –π in font nullfont!
Missing character: There is no –º in font nullfont!
Missing character: There is no –æ in font nullfont!
Missing character: There is no –¥ in font nullfont!
Missing character: There is no –µ in font nullfont!
Missing character: There is no –ª in font nullfont!
Missing character: There is no –∏ in font nullfont!
Missing character: There is no —Ç in font nullfont!
Missing character: There is no –µ in font nullfont!
Missing character: There is no —Å in font nullfont!
Missing character: There is no —Ç in font nullfont!
Missing character: There is no –æ in font nullfont!
Missing character: There is no –≤ in font nullfont!
Missing character: There is no –æ in font nullfont!
Missing character: There is no –π in font nullfont!
Missing character: There is no –ø in font nullfont!
Missing character: There is no —Ä in font nullfont!
Missing character: There is no –µ in font nullfont!
Missing character: There is no –¥ in font nullfont!
Missing character: There is no –º in font nullfont!
Missing character: There is no –µ in font nullfont!
Missing character: There is no —Ç in font nullfont!
Missing character: There is no –Ω in font nullfont!
Missing character: There is no –æ in font nullfont!
Missing character: There is no –π in font nullfont!
Missing character: There is no –æ in font nullfont!
Missing character: There is no –± in font nullfont!
Missing character: There is no –ª in font nullfont!
Missing character: There is no –∞ in font nullfont!
Missing character: There is no —Å in font nullfont!
Missing character: There is no —Ç in font nullfont!
Missing character: There is no –∏ in font nullfont!
Missing character: There is no ‚Äì in font nullfont!
Missing character: There is no –≥ in font nullfont!
Missing character: There is no –µ in font nullfont!
Missing character: There is no –Ω in font nullfont!
Missing character: There is no –µ in font nullfont!
Missing character: There is no —Ä in font nullfont!
Missing character: There is no –∞ in font nullfont!
Missing character: There is no —Ü in font nullfont!
Missing character: There is no –∏ in font nullfont!
Missing character: There is no –∏ in font nullfont!
Missing character: There is no –ø in font nullfont!
Missing character: There is no —Ä in font nullfont!
Missing character: There is no –æ in font nullfont!
Missing character: There is no —Ç in font nullfont!
Missing character: There is no –æ in font nullfont!
Missing character: There is no –∫ in font nullfont!
Missing character: There is no –æ in font nullfont!
Missing character: There is no –ª in font nullfont!
Missing character: There is no –æ in font nullfont!
Missing character: There is no –≤ in font nullfont!
Missing character: There is no –¥ in font nullfont!
Missing character: There is no –ª in font nullfont!
Missing character: There is no —è in font nullfont!
Missing character: There is no –í in font nullfont!
Missing character: There is no –ö in font nullfont!
Missing character: There is no –† in font nullfont!
Missing character: There is no . in font nullfont!

Overfull \hbox (20.0pt too wide) in paragraph at lines 12--13
[]
 []


! LaTeX Error: Missing \begin{document}.

See the LaTeX manual or LaTeX Companion for explanation.
Type  H <return>  for immediate help.
 ...                                              
                                                  
l.14     –í
            —Ç—Ä–µ—Ç—å–µ–º —Ä–∞–∑–¥–µ–ª–µ –æ–ø–∏—Å—ã–≤–∞–µ—Ç—Å—è –∏–Ω–∂–µ–Ω–...

You're in trouble here.  Try typing  <return>  to proceed.
If that doesn't work, type  X <return>  to quit.

Missing character: There is no –í in font nullfont!
Missing character: There is no —Ç in font nullfont!
Missing character: There is no —Ä in font nullfont!
Missing character: There is no –µ in font nullfont!
Missing character: There is no —Ç in font nullfont!
Missing character: There is no —å in font nullfont!
Missing character: There is no –µ in font nullfont!
Missing character: There is no –º in font nullfont!
Missing character: There is no —Ä in font nullfont!
Missing character: There is no –∞ in font nullfont!
Missing character: There is no –∑ in font nullfont!
Missing character: There is no –¥ in font nullfont!
Missing character: There is no –µ in font nullfont!
Missing character: There is no –ª in font nullfont!
Missing character: There is no –µ in font nullfont!
Missing character: There is no –æ in font nullfont!
Missing character: There is no –ø in font nullfont!
Missing character: There is no –∏ in font nullfont!
Missing character: There is no —Å in font nullfont!
Missing character: There is no —ã in font nullfont!
Missing character: There is no –≤ in font nullfont!
Missing character: There is no –∞ in font nullfont!
Missing character: There is no –µ in font nullfont!
Missing character: There is no —Ç in font nullfont!
Missing character: There is no —Å in font nullfont!
Missing character: There is no —è in font nullfont!
Missing character: There is no –∏ in font nullfont!
Missing character: There is no –Ω in font nullfont!
Missing character: There is no –∂ in font nullfont!
Missing character: There is no –µ in font nullfont!
Missing character: There is no –Ω in font nullfont!
Missing character: There is no –µ in font nullfont!
Missing character: There is no —Ä in font nullfont!
Missing character: There is no –Ω in font nullfont!
Missing character: There is no –∞ in font nullfont!
Missing character: There is no —è in font nullfont!
Missing character: There is no —á in font nullfont!
Missing character: There is no –∞ in font nullfont!
Missing character: There is no —Å in font nullfont!
Missing character: There is no —Ç in font nullfont!
Missing character: There is no —å in font nullfont!
Missing character: There is no –Ω in font nullfont!
Missing character: There is no –∞ in font nullfont!
Missing character: There is no —É in font nullfont!
Missing character: There is no —á in font nullfont!
Missing character: There is no –Ω in font nullfont!
Missing character: There is no –æ in font nullfont!
Missing character: There is no - in font nullfont!
Missing character: There is no –∏ in font nullfont!
Missing character: There is no —Å in font nullfont!
Missing character: There is no —Å in font nullfont!
Missing character: There is no –ª in font nullfont!
Missing character: There is no –µ in font nullfont!
Missing character: There is no –¥ in font nullfont!
Missing character: There is no –æ in font nullfont!
Missing character: There is no –≤ in font nullfont!
Missing character: There is no –∞ in font nullfont!
Missing character: There is no —Ç in font nullfont!
Missing character: There is no –µ in font nullfont!
Missing character: There is no –ª in font nullfont!
Missing character: There is no —å in font nullfont!
Missing character: There is no —Å in font nullfont!
Missing character: There is no –∫ in font nullfont!
Missing character: There is no –æ in font nullfont!
Missing character: There is no –π in font nullfont!
Missing character: There is no —Ä in font nullfont!
Missing character: There is no –∞ in font nullfont!
Missing character: There is no –± in font nullfont!
Missing character: There is no –æ in font nullfont!
Missing character: There is no —Ç in font nullfont!
Missing character: There is no —ã in font nullfont!
Missing character: There is no , in font nullfont!
Missing character: There is no –∞ in font nullfont!
Missing character: There is no –∏ in font nullfont!
Missing character: There is no –º in font nullfont!
Missing character: There is no –µ in font nullfont!
Missing character: There is no –Ω in font nullfont!
Missing character: There is no –Ω in font nullfont!
Missing character: There is no –æ in font nullfont!
Missing character: There is no –ø in font nullfont!
Missing character: There is no —Ä in font nullfont!
Missing character: There is no –æ in font nullfont!
Missing character: There is no –µ in font nullfont!
Missing character: There is no –∫ in font nullfont!
Missing character: There is no —Ç in font nullfont!
Missing character: There is no –∏ in font nullfont!
Missing character: There is no —Ä in font nullfont!
Missing character: There is no –æ in font nullfont!
Missing character: There is no –≤ in font nullfont!
Missing character: There is no –∞ in font nullfont!
Missing character: There is no –Ω in font nullfont!
Missing character: There is no –∏ in font nullfont!
Missing character: There is no –µ in font nullfont!
Missing character: There is no –ø in font nullfont!
Missing character: There is no —Ä in font nullfont!
Missing character: There is no –æ in font nullfont!
Missing character: There is no –≥ in font nullfont!
Missing character: There is no —Ä in font nullfont!
Missing character: There is no –∞ in font nullfont!
Missing character: There is no –º in font nullfont!
Missing character: There is no –º in font nullfont!
Missing character: There is no –Ω in font nullfont!
Missing character: There is no —ã in font nullfont!
Missing character: There is no —Ö in font nullfont!
Missing character: There is no –≤ in font nullfont!
Missing character: There is no –µ in font nullfont!
Missing character: There is no –± in font nullfont!
Missing character: There is no - in font nullfont!
Missing character: There is no –∏ in font nullfont!
Missing character: There is no –Ω in font nullfont!
Missing character: There is no —Ç in font nullfont!
Missing character: There is no –µ in font nullfont!
Missing character: There is no —Ä in font nullfont!
Missing character: There is no —Ñ in font nullfont!
Missing character: There is no –µ in font nullfont!
Missing character: There is no –π in font nullfont!
Missing character: There is no —Å in font nullfont!
Missing character: There is no –æ in font nullfont!
Missing character: There is no –≤ in font nullfont!
Missing character: There is no –∏ in font nullfont!
Missing character: There is no —Ä in font nullfont!
Missing character: There is no –∞ in font nullfont!
Missing character: There is no –∑ in font nullfont!
Missing character: There is no —Ä in font nullfont!
Missing character: There is no –∞ in font nullfont!
Missing character: There is no –± in font nullfont!
Missing character: There is no –æ in font nullfont!
Missing character: There is no —Ç in font nullfont!
Missing character: There is no –∫ in font nullfont!
Missing character: There is no –∞ in font nullfont!
Missing character: There is no —Ñ in font nullfont!
Missing character: There is no —É in font nullfont!
Missing character: There is no –Ω in font nullfont!
Missing character: There is no –∫ in font nullfont!
Missing character: There is no —Ü in font nullfont!
Missing character: There is no –∏ in font nullfont!
Missing character: There is no –æ in font nullfont!
Missing character: There is no –Ω in font nullfont!
Missing character: There is no –∞ in font nullfont!
Missing character: There is no –ª in font nullfont!
Missing character: There is no —å in font nullfont!
Missing character: There is no –Ω in font nullfont!
Missing character: There is no –æ in font nullfont!
Missing character: There is no –π in font nullfont!
Missing character: There is no —Å in font nullfont!
Missing character: There is no —Ç in font nullfont!
Missing character: There is no —Ä in font nullfont!
Missing character: There is no —É in font nullfont!
Missing character: There is no –∫ in font nullfont!
Missing character: There is no —Ç in font nullfont!
Missing character: There is no —É in font nullfont!
Missing character: There is no —Ä in font nullfont!
Missing character: There is no —ã in font nullfont!
Missing character: There is no –∏ in font nullfont!
Missing character: There is no –Ω in font nullfont!
Missing character: There is no —Ñ in font nullfont!
Missing character: There is no –æ in font nullfont!
Missing character: There is no —Ä in font nullfont!
Missing character: There is no –º in font nullfont!
Missing character: There is no –∞ in font nullfont!
Missing character: There is no —Ü in font nullfont!
Missing character: There is no –∏ in font nullfont!
Missing character: There is no –æ in font nullfont!
Missing character: There is no –Ω in font nullfont!
Missing character: There is no –Ω in font nullfont!
Missing character: There is no –æ in font nullfont!
Missing character: There is no –π in font nullfont!
Missing character: There is no —Å in font nullfont!
Missing character: There is no –∏ in font nullfont!
Missing character: There is no —Å in font nullfont!
Missing character: There is no —Ç in font nullfont!
Missing character: There is no –µ in font nullfont!
Missing character: There is no –º in font nullfont!
Missing character: There is no —ã in font nullfont!
Missing character: There is no . in font nullfont!

Overfull \hbox (20.0pt too wide) in paragraph at lines 14--15
[]
 []


! LaTeX Error: Missing \begin{document}.

See the LaTeX manual or LaTeX Companion for explanation.
Type  H <return>  for immediate help.
 ...                                              
                                                  
l.16     –í
            —á–µ—Ç–≤—ë—Ä—Ç–æ–º —Ä–∞–∑–¥–µ–ª–µ –æ–ø–∏—Å—ã–≤–∞–µ—Ç—Å—è –ø—Ä–æ–...

You're in trouble here.  Try typing  <return>  to proceed.
If that doesn't work, type  X <return>  to quit.

Missing character: There is no –í in font nullfont!
Missing character: There is no —á in font nullfont!
Missing character: There is no –µ in font nullfont!
Missing character: There is no —Ç in font nullfont!
Missing character: There is no –≤ in font nullfont!
Missing character: There is no —ë in font nullfont!
Missing character: There is no —Ä in font nullfont!
Missing character: There is no —Ç in font nullfont!
Missing character: There is no –æ in font nullfont!
Missing character: There is no –º in font nullfont!
Missing character: There is no —Ä in font nullfont!
Missing character: There is no –∞ in font nullfont!
Missing character: There is no –∑ in font nullfont!
Missing character: There is no –¥ in font nullfont!
Missing character: There is no –µ in font nullfont!
Missing character: There is no –ª in font nullfont!
Missing character: There is no –µ in font nullfont!
Missing character: There is no –æ in font nullfont!
Missing character: There is no –ø in font nullfont!
Missing character: There is no –∏ in font nullfont!
Missing character: There is no —Å in font nullfont!
Missing character: There is no —ã in font nullfont!
Missing character: There is no –≤ in font nullfont!
Missing character: There is no –∞ in font nullfont!
Missing character: There is no –µ in font nullfont!
Missing character: There is no —Ç in font nullfont!
Missing character: There is no —Å in font nullfont!
Missing character: There is no —è in font nullfont!
Missing character: There is no –ø in font nullfont!
Missing character: There is no —Ä in font nullfont!
Missing character: There is no –æ in font nullfont!
Missing character: There is no –≥ in font nullfont!
Missing character: There is no —Ä in font nullfont!
Missing character: There is no –∞ in font nullfont!
Missing character: There is no –º in font nullfont!
Missing character: There is no –º in font nullfont!
Missing character: There is no –Ω in font nullfont!
Missing character: There is no –∞ in font nullfont!
Missing character: There is no —è in font nullfont!
Missing character: There is no —Ä in font nullfont!
Missing character: There is no –µ in font nullfont!
Missing character: There is no –∞ in font nullfont!
Missing character: There is no –ª in font nullfont!
Missing character: There is no –∏ in font nullfont!
Missing character: There is no –∑ in font nullfont!
Missing character: There is no –∞ in font nullfont!
Missing character: There is no —Ü in font nullfont!
Missing character: There is no –∏ in font nullfont!
Missing character: There is no —è in font nullfont!
Missing character: There is no –º in font nullfont!
Missing character: There is no –µ in font nullfont!
Missing character: There is no —Ö in font nullfont!
Missing character: There is no –∞ in font nullfont!
Missing character: There is no –Ω in font nullfont!
Missing character: There is no –∏ in font nullfont!
Missing character: There is no –∑ in font nullfont!
Missing character: There is no –º in font nullfont!
Missing character: There is no –æ in font nullfont!
Missing character: There is no –≤ in font nullfont!
Missing character: There is no –≥ in font nullfont!
Missing character: There is no –µ in font nullfont!
Missing character: There is no –Ω in font nullfont!
Missing character: There is no –µ in font nullfont!
Missing character: There is no —Ä in font nullfont!
Missing character: There is no –∞ in font nullfont!
Missing character: There is no —Ü in font nullfont!
Missing character: There is no –∏ in font nullfont!
Missing character: There is no –∏ in font nullfont!
Missing character: There is no W in font nullfont!
Missing character: There is no o in font nullfont!
Missing character: There is no r in font nullfont!
Missing character: There is no d in font nullfont!
Missing character: There is no - in font nullfont!
Missing character: There is no —Ñ in font nullfont!
Missing character: There is no –∞ in font nullfont!
Missing character: There is no –π in font nullfont!
Missing character: There is no –ª in font nullfont!
Missing character: There is no –æ in font nullfont!
Missing character: There is no –≤ in font nullfont!
Missing character: There is no –∏ in font nullfont!
Missing character: There is no P in font nullfont!
Missing character: There is no D in font nullfont!
Missing character: There is no F in font nullfont!
Missing character: There is no - in font nullfont!
Missing character: There is no —Ñ in font nullfont!
Missing character: There is no –∞ in font nullfont!
Missing character: There is no –π in font nullfont!
Missing character: There is no –ª in font nullfont!
Missing character: There is no –æ in font nullfont!
Missing character: There is no –≤ in font nullfont!
Missing character: There is no , in font nullfont!
Missing character: There is no —Ç in font nullfont!
Missing character: There is no –µ in font nullfont!
Missing character: There is no —Å in font nullfont!
Missing character: There is no —Ç in font nullfont!
Missing character: There is no –∏ in font nullfont!
Missing character: There is no —Ä in font nullfont!
Missing character: There is no –æ in font nullfont!
Missing character: There is no –≤ in font nullfont!
Missing character: There is no –∞ in font nullfont!
Missing character: There is no –Ω in font nullfont!
Missing character: There is no –∏ in font nullfont!
Missing character: There is no –µ in font nullfont!
Missing character: There is no , in font nullfont!
Missing character: There is no –æ in font nullfont!
Missing character: There is no —Ü in font nullfont!
Missing character: There is no –µ in font nullfont!
Missing character: There is no –Ω in font nullfont!
Missing character: There is no –∫ in font nullfont!
Missing character: There is no –∞ in font nullfont!
Missing character: There is no –ø in font nullfont!
Missing character: There is no —Ä in font nullfont!
Missing character: There is no –æ in font nullfont!
Missing character: There is no –∏ in font nullfont!
Missing character: There is no –∑ in font nullfont!
Missing character: There is no –≤ in font nullfont!
Missing character: There is no –æ in font nullfont!
Missing character: There is no –¥ in font nullfont!
Missing character: There is no –∏ in font nullfont!
Missing character: There is no —Ç in font nullfont!
Missing character: There is no –µ in font nullfont!
Missing character: There is no –ª in font nullfont!
Missing character: There is no —å in font nullfont!
Missing character: There is no –Ω in font nullfont!
Missing character: There is no –æ in font nullfont!
Missing character: There is no —Å in font nullfont!
Missing character: There is no —Ç in font nullfont!
Missing character: There is no –∏ in font nullfont!
Missing character: There is no –∞ in font nullfont!
Missing character: There is no —Ç in font nullfont!
Missing character: There is no –∞ in font nullfont!
Missing character: There is no –∫ in font nullfont!
Missing character: There is no –∂ in font nullfont!
Missing character: There is no –µ in font nullfont!
Missing character: There is no —Ä in font nullfont!
Missing character: There is no –µ in font nullfont!
Missing character: There is no –∞ in font nullfont!
Missing character: There is no –ª in font nullfont!
Missing character: There is no –∏ in font nullfont!
Missing character: There is no –∑ in font nullfont!
Missing character: There is no –∞ in font nullfont!
Missing character: There is no —Ü in font nullfont!
Missing character: There is no –∏ in font nullfont!
Missing character: There is no —è in font nullfont!
Missing character: There is no —Å in font nullfont!
Missing character: There is no –æ in font nullfont!
Missing character: There is no –æ in font nullfont!
Missing character: There is no —Ç in font nullfont!
Missing character: There is no –≤ in font nullfont!
Missing character: There is no –µ in font nullfont!
Missing character: There is no —Ç in font nullfont!
Missing character: There is no —Å in font nullfont!
Missing character: There is no —Ç in font nullfont!
Missing character: There is no –≤ in font nullfont!
Missing character: There is no —É in font nullfont!
Missing character: There is no —é in font nullfont!
Missing character: There is no —â in font nullfont!
Missing character: There is no –µ in font nullfont!
Missing character: There is no –≥ in font nullfont!
Missing character: There is no –æ in font nullfont!
Missing character: There is no –≤ in font nullfont!
Missing character: There is no –µ in font nullfont!
Missing character: There is no –± in font nullfont!
Missing character: There is no - in font nullfont!
Missing character: There is no —Å in font nullfont!
Missing character: There is no –µ in font nullfont!
Missing character: There is no —Ä in font nullfont!
Missing character: There is no –≤ in font nullfont!
Missing character: There is no –∏ in font nullfont!
Missing character: There is no —Å in font nullfont!
Missing character: There is no –∞ in font nullfont!
Missing character: There is no —Å in font nullfont!
Missing character: There is no –ø in font nullfont!
Missing character: There is no —Ä in font nullfont!
Missing character: There is no –æ in font nullfont!
Missing character: There is no —Å in font nullfont!
Missing character: There is no —Ç in font nullfont!
Missing character: There is no –µ in font nullfont!
Missing character: There is no –π in font nullfont!
Missing character: There is no —à in font nullfont!
Missing character: There is no –∏ in font nullfont!
Missing character: There is no –º in font nullfont!
Missing character: There is no –ø in font nullfont!
Missing character: There is no –æ in font nullfont!
Missing character: There is no –ª in font nullfont!
Missing character: There is no —å in font nullfont!
Missing character: There is no –∑ in font nullfont!
Missing character: There is no –æ in font nullfont!
Missing character: There is no –≤ in font nullfont!
Missing character: There is no –∞ in font nullfont!
Missing character: There is no —Ç in font nullfont!
Missing character: There is no –µ in font nullfont!
Missing character: There is no –ª in font nullfont!
Missing character: There is no —å in font nullfont!
Missing character: There is no —Å in font nullfont!
Missing character: There is no –∫ in font nullfont!
Missing character: There is no –∏ in font nullfont!
Missing character: There is no –º in font nullfont!
Missing character: There is no –∏ in font nullfont!
Missing character: There is no –Ω in font nullfont!
Missing character: There is no —Ç in font nullfont!
Missing character: There is no –µ in font nullfont!
Missing character: There is no —Ä in font nullfont!
Missing character: There is no —Ñ in font nullfont!
Missing character: There is no –µ in font nullfont!
Missing character: There is no –π in font nullfont!
Missing character: There is no —Å in font nullfont!
Missing character: There is no –æ in font nullfont!
Missing character: There is no –º in font nullfont!
Missing character: There is no . in font nullfont!

Overfull \hbox (20.0pt too wide) in paragraph at lines 16--17
[]
 []

)
! Emergency stop.
<*> thesis-template-abstract.tex
                                
*** (job aborted, no legal \end found)

 
Here is how much of TeX's memory you used:
 4 strings out of 493638
 110 string characters out of 6146796
 53567 words of memory out of 5000000
 3505 multiletter control sequences out of 15000+600000
 3640 words of font info for 14 fonts, out of 8000000 for 9000
 1328 hyphenation exceptions out of 8191
 5i,0n,4p,338b,14s stack positions out of 5000i,500n,10000p,200000b,80000s
No pages of output.
